[2022-11-09T00:42:11.385] [ERROR] error - RestException [Error]: Authenticate
    at success (C:\Users\Tomy puto\Desktop\Nueva carpeta\node_modules\twilio\lib\base\Version.js:135:15)
    at Promise_then_fulfilled (C:\Users\Tomy puto\Desktop\Nueva carpeta\node_modules\q\q.js:766:44)
    at Promise_done_fulfilled (C:\Users\Tomy puto\Desktop\Nueva carpeta\node_modules\q\q.js:835:31)
    at Fulfilled_dispatch [as dispatch] (C:\Users\Tomy puto\Desktop\Nueva carpeta\node_modules\q\q.js:1229:9)
    at Pending_become_eachMessage_task (C:\Users\Tomy puto\Desktop\Nueva carpeta\node_modules\q\q.js:1369:30)
    at RawTask.call (C:\Users\Tomy puto\Desktop\Nueva carpeta\node_modules\asap\asap.js:40:19)
    at flush (C:\Users\Tomy puto\Desktop\Nueva carpeta\node_modules\asap\raw.js:50:29)
    at processTicksAndRejections (node:internal/process/task_queues:78:11) {
  status: 401,
  code: 20003,
  moreInfo: 'https://www.twilio.com/docs/errors/20003',
  details: undefined
}
[2022-11-09T00:46:28.035] [ERROR] error - RestException [Error]: Authenticate
    at success (C:\Users\Tomy puto\Desktop\Nueva carpeta\node_modules\twilio\lib\base\Version.js:135:15)
    at Promise_then_fulfilled (C:\Users\Tomy puto\Desktop\Nueva carpeta\node_modules\q\q.js:766:44)
    at Promise_done_fulfilled (C:\Users\Tomy puto\Desktop\Nueva carpeta\node_modules\q\q.js:835:31)
    at Fulfilled_dispatch [as dispatch] (C:\Users\Tomy puto\Desktop\Nueva carpeta\node_modules\q\q.js:1229:9)
    at Pending_become_eachMessage_task (C:\Users\Tomy puto\Desktop\Nueva carpeta\node_modules\q\q.js:1369:30)
    at RawTask.call (C:\Users\Tomy puto\Desktop\Nueva carpeta\node_modules\asap\asap.js:40:19)
    at flush (C:\Users\Tomy puto\Desktop\Nueva carpeta\node_modules\asap\raw.js:50:29)
    at processTicksAndRejections (node:internal/process/task_queues:78:11) {
  status: 401,
  code: 20003,
  moreInfo: 'https://www.twilio.com/docs/errors/20003',
  details: undefined
}
[2022-11-14T01:10:32.650] [ERROR] error - ReferenceError: TEST_MAIL is not defined
    at newUserAdviceEmail (file:///C:/Users/Tomy%20puto/Desktop/Nueva%20carpeta/src/controllers/script.js:22:15)
    at file:///C:/Users/Tomy%20puto/Desktop/Nueva%20carpeta/src/routes/register.js:85:9
[2022-11-14T01:12:50.059] [ERROR] error - ReferenceError: logger is not defined
    at newUserAdviceEmail (file:///C:/Users/Tomy%20puto/Desktop/Nueva%20carpeta/src/controllers/script.js:44:9)
    at processTicksAndRejections (node:internal/process/task_queues:96:5)
[2022-11-20T14:58:03.533] [ERROR] error - RestException [Error]: Authenticate
    at success (C:\Users\Tomy puto\Desktop\desafio\node_modules\twilio\lib\base\Version.js:135:15)
    at Promise_then_fulfilled (C:\Users\Tomy puto\Desktop\desafio\node_modules\q\q.js:766:44)
    at Promise_done_fulfilled (C:\Users\Tomy puto\Desktop\desafio\node_modules\q\q.js:835:31)
    at Fulfilled_dispatch [as dispatch] (C:\Users\Tomy puto\Desktop\desafio\node_modules\q\q.js:1229:9)
    at Pending_become_eachMessage_task (C:\Users\Tomy puto\Desktop\desafio\node_modules\q\q.js:1369:30)
    at RawTask.call (C:\Users\Tomy puto\Desktop\desafio\node_modules\asap\asap.js:40:19)
    at flush (C:\Users\Tomy puto\Desktop\desafio\node_modules\asap\raw.js:50:29)
    at processTicksAndRejections (node:internal/process/task_queues:78:11) {
  status: 401,
  code: 20003,
  moreInfo: 'https://www.twilio.com/docs/errors/20003',
  details: undefined
}
[2022-11-21T15:20:14.463] [ERROR] error - MongooseError: Query was already executed: User.findOne({ email: 'tomasyovino@gmail.com' })
    at model.Query._wrappedThunk [as _findOne] (C:\Users\Tomy puto\Desktop\desafio\node_modules\mongoose\lib\helpers\query\wrapThunk.js:23:19)
    at C:\Users\Tomy puto\Desktop\desafio\node_modules\kareem\index.js:426:25
    at processTicksAndRejections (node:internal/process/task_queues:78:11) {
  originalStack: 'Error\n' +
    '    at model.Query._wrappedThunk [as _findOne] (C:\\Users\\Tomy puto\\Desktop\\desafio\\node_modules\\mongoose\\lib\\helpers\\query\\wrapThunk.js:27:28)\n' +
    '    at C:\\Users\\Tomy puto\\Desktop\\desafio\\node_modules\\kareem\\index.js:426:25\n' +
    '    at processTicksAndRejections (node:internal/process/task_queues:78:11)'
}
[2022-11-21T15:23:06.312] [ERROR] error - MongooseError: Query was already executed: User.findOne({ email: 'tomasyovino@gmail.com' })
    at model.Query._wrappedThunk [as _findOne] (C:\Users\Tomy puto\Desktop\desafio\node_modules\mongoose\lib\helpers\query\wrapThunk.js:23:19)
    at C:\Users\Tomy puto\Desktop\desafio\node_modules\kareem\index.js:426:25
    at processTicksAndRejections (node:internal/process/task_queues:78:11) {
  originalStack: 'Error\n' +
    '    at model.Query._wrappedThunk [as _findOne] (C:\\Users\\Tomy puto\\Desktop\\desafio\\node_modules\\mongoose\\lib\\helpers\\query\\wrapThunk.js:27:28)\n' +
    '    at C:\\Users\\Tomy puto\\Desktop\\desafio\\node_modules\\kareem\\index.js:426:25\n' +
    '    at processTicksAndRejections (node:internal/process/task_queues:78:11)'
}
[2022-11-21T15:24:54.156] [ERROR] error - MongooseError: Query was already executed: User.findOne({ email: 'tomasyovino@gmail.com' })
    at model.Query._wrappedThunk [as _findOne] (C:\Users\Tomy puto\Desktop\desafio\node_modules\mongoose\lib\helpers\query\wrapThunk.js:23:19)
    at C:\Users\Tomy puto\Desktop\desafio\node_modules\kareem\index.js:426:25
    at processTicksAndRejections (node:internal/process/task_queues:78:11) {
  originalStack: 'Error\n' +
    '    at model.Query._wrappedThunk [as _findOne] (C:\\Users\\Tomy puto\\Desktop\\desafio\\node_modules\\mongoose\\lib\\helpers\\query\\wrapThunk.js:27:28)\n' +
    '    at C:\\Users\\Tomy puto\\Desktop\\desafio\\node_modules\\kareem\\index.js:426:25\n' +
    '    at processTicksAndRejections (node:internal/process/task_queues:78:11)'
}
[2022-11-21T15:25:04.161] [ERROR] error - MongooseError: Operation `users.findOne()` buffering timed out after 10000ms
    at Timeout.<anonymous> (C:\Users\Tomy puto\Desktop\desafio\node_modules\mongoose\lib\drivers\node-mongodb-native\collection.js:153:23)
    at listOnTimeout (node:internal/timers:559:17)
    at processTimers (node:internal/timers:502:7)
[2022-11-21T16:06:32.157] [ERROR] error - ReferenceError: errorLogger is not defined
    at UsersDAOMemory.checkIfUserExist (file:///C:/Users/Tomy%20puto/Desktop/desafio/src/DAO/user/UserDAOMemory.js:69:13)
    at processTicksAndRejections (node:internal/process/task_queues:96:5)
    at async checkUser (file:///C:/Users/Tomy%20puto/Desktop/desafio/src/services/user.services.js:48:16)
    at async checkUserController (file:///C:/Users/Tomy%20puto/Desktop/desafio/src/controllers/User.controller.js:18:12)
[2022-11-21T16:18:58.883] [ERROR] error - ReferenceError: errorLogger is not defined
    at UsersDAOMemory.checkIfUserExist (file:///C:/Users/Tomy%20puto/Desktop/desafio/src/DAO/user/UserDAOMemory.js:72:13)
    at processTicksAndRejections (node:internal/process/task_queues:96:5)
    at async checkUser (file:///C:/Users/Tomy%20puto/Desktop/desafio/src/services/user.services.js:46:16)
    at async checkUserController (file:///C:/Users/Tomy%20puto/Desktop/desafio/src/controllers/User.controller.js:18:12)
[2022-11-21T19:15:22.022] [ERROR] error - MongooseError: Query was already executed: User.findOne({ email: 'tomasyovino@gmail.com' })
    at model.Query._wrappedThunk [as _findOne] (C:\Users\Tomy puto\Desktop\desafio\node_modules\mongoose\lib\helpers\query\wrapThunk.js:23:19)
    at C:\Users\Tomy puto\Desktop\desafio\node_modules\kareem\index.js:426:25
    at processTicksAndRejections (node:internal/process/task_queues:78:11) {
  originalStack: 'Error\n' +
    '    at model.Query._wrappedThunk [as _findOne] (C:\\Users\\Tomy puto\\Desktop\\desafio\\node_modules\\mongoose\\lib\\helpers\\query\\wrapThunk.js:27:28)\n' +
    '    at C:\\Users\\Tomy puto\\Desktop\\desafio\\node_modules\\kareem\\index.js:426:25\n' +
    '    at processTicksAndRejections (node:internal/process/task_queues:78:11)'
}
[2022-11-21T19:22:50.512] [ERROR] error - CastError: Cast to ObjectId failed for value "" (type string) at path "userId" for model "Cart"
    at model.Query.exec (C:\Users\Tomy puto\Desktop\desafio\node_modules\mongoose\lib\query.js:4891:21)
    at model.Query.Query.then (C:\Users\Tomy puto\Desktop\desafio\node_modules\mongoose\lib\query.js:4990:15)
    at processTicksAndRejections (node:internal/process/task_queues:96:5) {
  messageFormat: undefined,
  stringValue: '""',
  kind: 'ObjectId',
  value: '',
  path: 'userId',
  reason: BSONTypeError: Argument passed in must be a string of 12 bytes or a string of 24 hex characters or an integer
      at new BSONTypeError (C:\Users\Tomy puto\Desktop\desafio\node_modules\bson\lib\error.js:41:28)
      at new ObjectId (C:\Users\Tomy puto\Desktop\desafio\node_modules\bson\lib\objectid.js:67:23)
      at castObjectId (C:\Users\Tomy puto\Desktop\desafio\node_modules\mongoose\lib\cast\objectid.js:25:12)
      at ObjectId.cast (C:\Users\Tomy puto\Desktop\desafio\node_modules\mongoose\lib\schema\objectid.js:246:12)
      at ObjectId.SchemaType.applySetters (C:\Users\Tomy puto\Desktop\desafio\node_modules\mongoose\lib\schematype.js:1201:12)
      at ObjectId.SchemaType._castForQuery (C:\Users\Tomy puto\Desktop\desafio\node_modules\mongoose\lib\schematype.js:1648:15)
      at ObjectId.SchemaType.castForQuery (C:\Users\Tomy puto\Desktop\desafio\node_modules\mongoose\lib\schematype.js:1636:15)
      at ObjectId.SchemaType.castForQueryWrapper (C:\Users\Tomy puto\Desktop\desafio\node_modules\mongoose\lib\schematype.js:1612:20)
      at cast (C:\Users\Tomy puto\Desktop\desafio\node_modules\mongoose\lib\cast.js:342:32)
      at model.Query.Query.cast (C:\Users\Tomy puto\Desktop\desafio\node_modules\mongoose\lib\query.js:5319:12),
  valueType: 'string'
}
[2022-11-21T19:22:50.905] [ERROR] error - CastError: Cast to ObjectId failed for value "" (type string) at path "userId" for model "Cart"
    at model.Query.exec (C:\Users\Tomy puto\Desktop\desafio\node_modules\mongoose\lib\query.js:4891:21)
    at model.Query.Query.then (C:\Users\Tomy puto\Desktop\desafio\node_modules\mongoose\lib\query.js:4990:15)
    at processTicksAndRejections (node:internal/process/task_queues:96:5) {
  messageFormat: undefined,
  stringValue: '""',
  kind: 'ObjectId',
  value: '',
  path: 'userId',
  reason: BSONTypeError: Argument passed in must be a string of 12 bytes or a string of 24 hex characters or an integer
      at new BSONTypeError (C:\Users\Tomy puto\Desktop\desafio\node_modules\bson\lib\error.js:41:28)
      at new ObjectId (C:\Users\Tomy puto\Desktop\desafio\node_modules\bson\lib\objectid.js:67:23)
      at castObjectId (C:\Users\Tomy puto\Desktop\desafio\node_modules\mongoose\lib\cast\objectid.js:25:12)
      at ObjectId.cast (C:\Users\Tomy puto\Desktop\desafio\node_modules\mongoose\lib\schema\objectid.js:246:12)
      at ObjectId.SchemaType.applySetters (C:\Users\Tomy puto\Desktop\desafio\node_modules\mongoose\lib\schematype.js:1201:12)
      at ObjectId.SchemaType._castForQuery (C:\Users\Tomy puto\Desktop\desafio\node_modules\mongoose\lib\schematype.js:1648:15)
      at ObjectId.SchemaType.castForQuery (C:\Users\Tomy puto\Desktop\desafio\node_modules\mongoose\lib\schematype.js:1636:15)
      at ObjectId.SchemaType.castForQueryWrapper (C:\Users\Tomy puto\Desktop\desafio\node_modules\mongoose\lib\schematype.js:1612:20)
      at cast (C:\Users\Tomy puto\Desktop\desafio\node_modules\mongoose\lib\cast.js:342:32)
      at model.Query.Query.cast (C:\Users\Tomy puto\Desktop\desafio\node_modules\mongoose\lib\query.js:5319:12),
  valueType: 'string'
}
[2022-11-21T19:22:54.519] [ERROR] error - CastError: Cast to ObjectId failed for value "" (type string) at path "userId" for model "Cart"
    at model.Query.exec (C:\Users\Tomy puto\Desktop\desafio\node_modules\mongoose\lib\query.js:4891:21)
    at model.Query.Query.then (C:\Users\Tomy puto\Desktop\desafio\node_modules\mongoose\lib\query.js:4990:15)
    at processTicksAndRejections (node:internal/process/task_queues:96:5) {
  messageFormat: undefined,
  stringValue: '""',
  kind: 'ObjectId',
  value: '',
  path: 'userId',
  reason: BSONTypeError: Argument passed in must be a string of 12 bytes or a string of 24 hex characters or an integer
      at new BSONTypeError (C:\Users\Tomy puto\Desktop\desafio\node_modules\bson\lib\error.js:41:28)
      at new ObjectId (C:\Users\Tomy puto\Desktop\desafio\node_modules\bson\lib\objectid.js:67:23)
      at castObjectId (C:\Users\Tomy puto\Desktop\desafio\node_modules\mongoose\lib\cast\objectid.js:25:12)
      at ObjectId.cast (C:\Users\Tomy puto\Desktop\desafio\node_modules\mongoose\lib\schema\objectid.js:246:12)
      at ObjectId.SchemaType.applySetters (C:\Users\Tomy puto\Desktop\desafio\node_modules\mongoose\lib\schematype.js:1201:12)
      at ObjectId.SchemaType._castForQuery (C:\Users\Tomy puto\Desktop\desafio\node_modules\mongoose\lib\schematype.js:1648:15)
      at ObjectId.SchemaType.castForQuery (C:\Users\Tomy puto\Desktop\desafio\node_modules\mongoose\lib\schematype.js:1636:15)
      at ObjectId.SchemaType.castForQueryWrapper (C:\Users\Tomy puto\Desktop\desafio\node_modules\mongoose\lib\schematype.js:1612:20)
      at cast (C:\Users\Tomy puto\Desktop\desafio\node_modules\mongoose\lib\cast.js:342:32)
      at model.Query.Query.cast (C:\Users\Tomy puto\Desktop\desafio\node_modules\mongoose\lib\query.js:5319:12),
  valueType: 'string'
}
[2022-11-21T19:22:57.793] [ERROR] error - CastError: Cast to ObjectId failed for value "" (type string) at path "userId" for model "Cart"
    at model.Query.exec (C:\Users\Tomy puto\Desktop\desafio\node_modules\mongoose\lib\query.js:4891:21)
    at model.Query.Query.then (C:\Users\Tomy puto\Desktop\desafio\node_modules\mongoose\lib\query.js:4990:15)
    at processTicksAndRejections (node:internal/process/task_queues:96:5) {
  messageFormat: undefined,
  stringValue: '""',
  kind: 'ObjectId',
  value: '',
  path: 'userId',
  reason: BSONTypeError: Argument passed in must be a string of 12 bytes or a string of 24 hex characters or an integer
      at new BSONTypeError (C:\Users\Tomy puto\Desktop\desafio\node_modules\bson\lib\error.js:41:28)
      at new ObjectId (C:\Users\Tomy puto\Desktop\desafio\node_modules\bson\lib\objectid.js:67:23)
      at castObjectId (C:\Users\Tomy puto\Desktop\desafio\node_modules\mongoose\lib\cast\objectid.js:25:12)
      at ObjectId.cast (C:\Users\Tomy puto\Desktop\desafio\node_modules\mongoose\lib\schema\objectid.js:246:12)
      at ObjectId.SchemaType.applySetters (C:\Users\Tomy puto\Desktop\desafio\node_modules\mongoose\lib\schematype.js:1201:12)
      at ObjectId.SchemaType._castForQuery (C:\Users\Tomy puto\Desktop\desafio\node_modules\mongoose\lib\schematype.js:1648:15)
      at ObjectId.SchemaType.castForQuery (C:\Users\Tomy puto\Desktop\desafio\node_modules\mongoose\lib\schematype.js:1636:15)
      at ObjectId.SchemaType.castForQueryWrapper (C:\Users\Tomy puto\Desktop\desafio\node_modules\mongoose\lib\schematype.js:1612:20)
      at cast (C:\Users\Tomy puto\Desktop\desafio\node_modules\mongoose\lib\cast.js:342:32)
      at model.Query.Query.cast (C:\Users\Tomy puto\Desktop\desafio\node_modules\mongoose\lib\query.js:5319:12),
  valueType: 'string'
}
[2022-11-21T19:22:57.949] [ERROR] error - CastError: Cast to ObjectId failed for value "" (type string) at path "userId" for model "Cart"
    at model.Query.exec (C:\Users\Tomy puto\Desktop\desafio\node_modules\mongoose\lib\query.js:4891:21)
    at model.Query.Query.then (C:\Users\Tomy puto\Desktop\desafio\node_modules\mongoose\lib\query.js:4990:15)
    at processTicksAndRejections (node:internal/process/task_queues:96:5) {
  messageFormat: undefined,
  stringValue: '""',
  kind: 'ObjectId',
  value: '',
  path: 'userId',
  reason: BSONTypeError: Argument passed in must be a string of 12 bytes or a string of 24 hex characters or an integer
      at new BSONTypeError (C:\Users\Tomy puto\Desktop\desafio\node_modules\bson\lib\error.js:41:28)
      at new ObjectId (C:\Users\Tomy puto\Desktop\desafio\node_modules\bson\lib\objectid.js:67:23)
      at castObjectId (C:\Users\Tomy puto\Desktop\desafio\node_modules\mongoose\lib\cast\objectid.js:25:12)
      at ObjectId.cast (C:\Users\Tomy puto\Desktop\desafio\node_modules\mongoose\lib\schema\objectid.js:246:12)
      at ObjectId.SchemaType.applySetters (C:\Users\Tomy puto\Desktop\desafio\node_modules\mongoose\lib\schematype.js:1201:12)
      at ObjectId.SchemaType._castForQuery (C:\Users\Tomy puto\Desktop\desafio\node_modules\mongoose\lib\schematype.js:1648:15)
      at ObjectId.SchemaType.castForQuery (C:\Users\Tomy puto\Desktop\desafio\node_modules\mongoose\lib\schematype.js:1636:15)
      at ObjectId.SchemaType.castForQueryWrapper (C:\Users\Tomy puto\Desktop\desafio\node_modules\mongoose\lib\schematype.js:1612:20)
      at cast (C:\Users\Tomy puto\Desktop\desafio\node_modules\mongoose\lib\cast.js:342:32)
      at model.Query.Query.cast (C:\Users\Tomy puto\Desktop\desafio\node_modules\mongoose\lib\query.js:5319:12),
  valueType: 'string'
}
[2022-11-21T19:22:58.075] [ERROR] error - CastError: Cast to ObjectId failed for value "" (type string) at path "userId" for model "Cart"
    at model.Query.exec (C:\Users\Tomy puto\Desktop\desafio\node_modules\mongoose\lib\query.js:4891:21)
    at model.Query.Query.then (C:\Users\Tomy puto\Desktop\desafio\node_modules\mongoose\lib\query.js:4990:15)
    at processTicksAndRejections (node:internal/process/task_queues:96:5) {
  messageFormat: undefined,
  stringValue: '""',
  kind: 'ObjectId',
  value: '',
  path: 'userId',
  reason: BSONTypeError: Argument passed in must be a string of 12 bytes or a string of 24 hex characters or an integer
      at new BSONTypeError (C:\Users\Tomy puto\Desktop\desafio\node_modules\bson\lib\error.js:41:28)
      at new ObjectId (C:\Users\Tomy puto\Desktop\desafio\node_modules\bson\lib\objectid.js:67:23)
      at castObjectId (C:\Users\Tomy puto\Desktop\desafio\node_modules\mongoose\lib\cast\objectid.js:25:12)
      at ObjectId.cast (C:\Users\Tomy puto\Desktop\desafio\node_modules\mongoose\lib\schema\objectid.js:246:12)
      at ObjectId.SchemaType.applySetters (C:\Users\Tomy puto\Desktop\desafio\node_modules\mongoose\lib\schematype.js:1201:12)
      at ObjectId.SchemaType._castForQuery (C:\Users\Tomy puto\Desktop\desafio\node_modules\mongoose\lib\schematype.js:1648:15)
      at ObjectId.SchemaType.castForQuery (C:\Users\Tomy puto\Desktop\desafio\node_modules\mongoose\lib\schematype.js:1636:15)
      at ObjectId.SchemaType.castForQueryWrapper (C:\Users\Tomy puto\Desktop\desafio\node_modules\mongoose\lib\schematype.js:1612:20)
      at cast (C:\Users\Tomy puto\Desktop\desafio\node_modules\mongoose\lib\cast.js:342:32)
      at model.Query.Query.cast (C:\Users\Tomy puto\Desktop\desafio\node_modules\mongoose\lib\query.js:5319:12),
  valueType: 'string'
}
[2022-11-21T19:23:01.736] [ERROR] error - CastError: Cast to ObjectId failed for value "" (type string) at path "userId" for model "Cart"
    at model.Query.exec (C:\Users\Tomy puto\Desktop\desafio\node_modules\mongoose\lib\query.js:4891:21)
    at model.Query.Query.then (C:\Users\Tomy puto\Desktop\desafio\node_modules\mongoose\lib\query.js:4990:15)
    at processTicksAndRejections (node:internal/process/task_queues:96:5) {
  messageFormat: undefined,
  stringValue: '""',
  kind: 'ObjectId',
  value: '',
  path: 'userId',
  reason: BSONTypeError: Argument passed in must be a string of 12 bytes or a string of 24 hex characters or an integer
      at new BSONTypeError (C:\Users\Tomy puto\Desktop\desafio\node_modules\bson\lib\error.js:41:28)
      at new ObjectId (C:\Users\Tomy puto\Desktop\desafio\node_modules\bson\lib\objectid.js:67:23)
      at castObjectId (C:\Users\Tomy puto\Desktop\desafio\node_modules\mongoose\lib\cast\objectid.js:25:12)
      at ObjectId.cast (C:\Users\Tomy puto\Desktop\desafio\node_modules\mongoose\lib\schema\objectid.js:246:12)
      at ObjectId.SchemaType.applySetters (C:\Users\Tomy puto\Desktop\desafio\node_modules\mongoose\lib\schematype.js:1201:12)
      at ObjectId.SchemaType._castForQuery (C:\Users\Tomy puto\Desktop\desafio\node_modules\mongoose\lib\schematype.js:1648:15)
      at ObjectId.SchemaType.castForQuery (C:\Users\Tomy puto\Desktop\desafio\node_modules\mongoose\lib\schematype.js:1636:15)
      at ObjectId.SchemaType.castForQueryWrapper (C:\Users\Tomy puto\Desktop\desafio\node_modules\mongoose\lib\schematype.js:1612:20)
      at cast (C:\Users\Tomy puto\Desktop\desafio\node_modules\mongoose\lib\cast.js:342:32)
      at model.Query.Query.cast (C:\Users\Tomy puto\Desktop\desafio\node_modules\mongoose\lib\query.js:5319:12),
  valueType: 'string'
}
[2022-11-21T19:23:01.899] [ERROR] error - CastError: Cast to ObjectId failed for value "" (type string) at path "userId" for model "Cart"
    at model.Query.exec (C:\Users\Tomy puto\Desktop\desafio\node_modules\mongoose\lib\query.js:4891:21)
    at model.Query.Query.then (C:\Users\Tomy puto\Desktop\desafio\node_modules\mongoose\lib\query.js:4990:15)
    at processTicksAndRejections (node:internal/process/task_queues:96:5) {
  messageFormat: undefined,
  stringValue: '""',
  kind: 'ObjectId',
  value: '',
  path: 'userId',
  reason: BSONTypeError: Argument passed in must be a string of 12 bytes or a string of 24 hex characters or an integer
      at new BSONTypeError (C:\Users\Tomy puto\Desktop\desafio\node_modules\bson\lib\error.js:41:28)
      at new ObjectId (C:\Users\Tomy puto\Desktop\desafio\node_modules\bson\lib\objectid.js:67:23)
      at castObjectId (C:\Users\Tomy puto\Desktop\desafio\node_modules\mongoose\lib\cast\objectid.js:25:12)
      at ObjectId.cast (C:\Users\Tomy puto\Desktop\desafio\node_modules\mongoose\lib\schema\objectid.js:246:12)
      at ObjectId.SchemaType.applySetters (C:\Users\Tomy puto\Desktop\desafio\node_modules\mongoose\lib\schematype.js:1201:12)
      at ObjectId.SchemaType._castForQuery (C:\Users\Tomy puto\Desktop\desafio\node_modules\mongoose\lib\schematype.js:1648:15)
      at ObjectId.SchemaType.castForQuery (C:\Users\Tomy puto\Desktop\desafio\node_modules\mongoose\lib\schematype.js:1636:15)
      at ObjectId.SchemaType.castForQueryWrapper (C:\Users\Tomy puto\Desktop\desafio\node_modules\mongoose\lib\schematype.js:1612:20)
      at cast (C:\Users\Tomy puto\Desktop\desafio\node_modules\mongoose\lib\cast.js:342:32)
      at model.Query.Query.cast (C:\Users\Tomy puto\Desktop\desafio\node_modules\mongoose\lib\query.js:5319:12),
  valueType: 'string'
}
[2022-11-21T19:23:02.032] [ERROR] error - CastError: Cast to ObjectId failed for value "" (type string) at path "userId" for model "Cart"
    at model.Query.exec (C:\Users\Tomy puto\Desktop\desafio\node_modules\mongoose\lib\query.js:4891:21)
    at model.Query.Query.then (C:\Users\Tomy puto\Desktop\desafio\node_modules\mongoose\lib\query.js:4990:15)
    at processTicksAndRejections (node:internal/process/task_queues:96:5) {
  messageFormat: undefined,
  stringValue: '""',
  kind: 'ObjectId',
  value: '',
  path: 'userId',
  reason: BSONTypeError: Argument passed in must be a string of 12 bytes or a string of 24 hex characters or an integer
      at new BSONTypeError (C:\Users\Tomy puto\Desktop\desafio\node_modules\bson\lib\error.js:41:28)
      at new ObjectId (C:\Users\Tomy puto\Desktop\desafio\node_modules\bson\lib\objectid.js:67:23)
      at castObjectId (C:\Users\Tomy puto\Desktop\desafio\node_modules\mongoose\lib\cast\objectid.js:25:12)
      at ObjectId.cast (C:\Users\Tomy puto\Desktop\desafio\node_modules\mongoose\lib\schema\objectid.js:246:12)
      at ObjectId.SchemaType.applySetters (C:\Users\Tomy puto\Desktop\desafio\node_modules\mongoose\lib\schematype.js:1201:12)
      at ObjectId.SchemaType._castForQuery (C:\Users\Tomy puto\Desktop\desafio\node_modules\mongoose\lib\schematype.js:1648:15)
      at ObjectId.SchemaType.castForQuery (C:\Users\Tomy puto\Desktop\desafio\node_modules\mongoose\lib\schematype.js:1636:15)
      at ObjectId.SchemaType.castForQueryWrapper (C:\Users\Tomy puto\Desktop\desafio\node_modules\mongoose\lib\schematype.js:1612:20)
      at cast (C:\Users\Tomy puto\Desktop\desafio\node_modules\mongoose\lib\cast.js:342:32)
      at model.Query.Query.cast (C:\Users\Tomy puto\Desktop\desafio\node_modules\mongoose\lib\query.js:5319:12),
  valueType: 'string'
}
[2022-11-21T19:23:06.911] [ERROR] error - CastError: Cast to ObjectId failed for value "" (type string) at path "userId" for model "Cart"
    at model.Query.exec (C:\Users\Tomy puto\Desktop\desafio\node_modules\mongoose\lib\query.js:4891:21)
    at model.Query.Query.then (C:\Users\Tomy puto\Desktop\desafio\node_modules\mongoose\lib\query.js:4990:15)
    at processTicksAndRejections (node:internal/process/task_queues:96:5) {
  messageFormat: undefined,
  stringValue: '""',
  kind: 'ObjectId',
  value: '',
  path: 'userId',
  reason: BSONTypeError: Argument passed in must be a string of 12 bytes or a string of 24 hex characters or an integer
      at new BSONTypeError (C:\Users\Tomy puto\Desktop\desafio\node_modules\bson\lib\error.js:41:28)
      at new ObjectId (C:\Users\Tomy puto\Desktop\desafio\node_modules\bson\lib\objectid.js:67:23)
      at castObjectId (C:\Users\Tomy puto\Desktop\desafio\node_modules\mongoose\lib\cast\objectid.js:25:12)
      at ObjectId.cast (C:\Users\Tomy puto\Desktop\desafio\node_modules\mongoose\lib\schema\objectid.js:246:12)
      at ObjectId.SchemaType.applySetters (C:\Users\Tomy puto\Desktop\desafio\node_modules\mongoose\lib\schematype.js:1201:12)
      at ObjectId.SchemaType._castForQuery (C:\Users\Tomy puto\Desktop\desafio\node_modules\mongoose\lib\schematype.js:1648:15)
      at ObjectId.SchemaType.castForQuery (C:\Users\Tomy puto\Desktop\desafio\node_modules\mongoose\lib\schematype.js:1636:15)
      at ObjectId.SchemaType.castForQueryWrapper (C:\Users\Tomy puto\Desktop\desafio\node_modules\mongoose\lib\schematype.js:1612:20)
      at cast (C:\Users\Tomy puto\Desktop\desafio\node_modules\mongoose\lib\cast.js:342:32)
      at model.Query.Query.cast (C:\Users\Tomy puto\Desktop\desafio\node_modules\mongoose\lib\query.js:5319:12),
  valueType: 'string'
}
[2022-11-21T19:23:07.055] [ERROR] error - CastError: Cast to ObjectId failed for value "" (type string) at path "userId" for model "Cart"
    at model.Query.exec (C:\Users\Tomy puto\Desktop\desafio\node_modules\mongoose\lib\query.js:4891:21)
    at model.Query.Query.then (C:\Users\Tomy puto\Desktop\desafio\node_modules\mongoose\lib\query.js:4990:15)
    at processTicksAndRejections (node:internal/process/task_queues:96:5) {
  messageFormat: undefined,
  stringValue: '""',
  kind: 'ObjectId',
  value: '',
  path: 'userId',
  reason: BSONTypeError: Argument passed in must be a string of 12 bytes or a string of 24 hex characters or an integer
      at new BSONTypeError (C:\Users\Tomy puto\Desktop\desafio\node_modules\bson\lib\error.js:41:28)
      at new ObjectId (C:\Users\Tomy puto\Desktop\desafio\node_modules\bson\lib\objectid.js:67:23)
      at castObjectId (C:\Users\Tomy puto\Desktop\desafio\node_modules\mongoose\lib\cast\objectid.js:25:12)
      at ObjectId.cast (C:\Users\Tomy puto\Desktop\desafio\node_modules\mongoose\lib\schema\objectid.js:246:12)
      at ObjectId.SchemaType.applySetters (C:\Users\Tomy puto\Desktop\desafio\node_modules\mongoose\lib\schematype.js:1201:12)
      at ObjectId.SchemaType._castForQuery (C:\Users\Tomy puto\Desktop\desafio\node_modules\mongoose\lib\schematype.js:1648:15)
      at ObjectId.SchemaType.castForQuery (C:\Users\Tomy puto\Desktop\desafio\node_modules\mongoose\lib\schematype.js:1636:15)
      at ObjectId.SchemaType.castForQueryWrapper (C:\Users\Tomy puto\Desktop\desafio\node_modules\mongoose\lib\schematype.js:1612:20)
      at cast (C:\Users\Tomy puto\Desktop\desafio\node_modules\mongoose\lib\cast.js:342:32)
      at model.Query.Query.cast (C:\Users\Tomy puto\Desktop\desafio\node_modules\mongoose\lib\query.js:5319:12),
  valueType: 'string'
}
[2022-11-21T19:24:53.802] [ERROR] error - CastError: Cast to ObjectId failed for value "" (type string) at path "userId" for model "Cart"
    at model.Query.exec (C:\Users\Tomy puto\Desktop\desafio\node_modules\mongoose\lib\query.js:4891:21)
    at model.Query.Query.then (C:\Users\Tomy puto\Desktop\desafio\node_modules\mongoose\lib\query.js:4990:15)
    at processTicksAndRejections (node:internal/process/task_queues:96:5) {
  messageFormat: undefined,
  stringValue: '""',
  kind: 'ObjectId',
  value: '',
  path: 'userId',
  reason: BSONTypeError: Argument passed in must be a string of 12 bytes or a string of 24 hex characters or an integer
      at new BSONTypeError (C:\Users\Tomy puto\Desktop\desafio\node_modules\bson\lib\error.js:41:28)
      at new ObjectId (C:\Users\Tomy puto\Desktop\desafio\node_modules\bson\lib\objectid.js:67:23)
      at castObjectId (C:\Users\Tomy puto\Desktop\desafio\node_modules\mongoose\lib\cast\objectid.js:25:12)
      at ObjectId.cast (C:\Users\Tomy puto\Desktop\desafio\node_modules\mongoose\lib\schema\objectid.js:246:12)
      at ObjectId.SchemaType.applySetters (C:\Users\Tomy puto\Desktop\desafio\node_modules\mongoose\lib\schematype.js:1201:12)
      at ObjectId.SchemaType._castForQuery (C:\Users\Tomy puto\Desktop\desafio\node_modules\mongoose\lib\schematype.js:1648:15)
      at ObjectId.SchemaType.castForQuery (C:\Users\Tomy puto\Desktop\desafio\node_modules\mongoose\lib\schematype.js:1636:15)
      at ObjectId.SchemaType.castForQueryWrapper (C:\Users\Tomy puto\Desktop\desafio\node_modules\mongoose\lib\schematype.js:1612:20)
      at cast (C:\Users\Tomy puto\Desktop\desafio\node_modules\mongoose\lib\cast.js:342:32)
      at model.Query.Query.cast (C:\Users\Tomy puto\Desktop\desafio\node_modules\mongoose\lib\query.js:5319:12),
  valueType: 'string'
}
[2022-11-21T19:24:53.938] [ERROR] error - CastError: Cast to ObjectId failed for value "" (type string) at path "userId" for model "Cart"
    at model.Query.exec (C:\Users\Tomy puto\Desktop\desafio\node_modules\mongoose\lib\query.js:4891:21)
    at model.Query.Query.then (C:\Users\Tomy puto\Desktop\desafio\node_modules\mongoose\lib\query.js:4990:15)
    at processTicksAndRejections (node:internal/process/task_queues:96:5) {
  messageFormat: undefined,
  stringValue: '""',
  kind: 'ObjectId',
  value: '',
  path: 'userId',
  reason: BSONTypeError: Argument passed in must be a string of 12 bytes or a string of 24 hex characters or an integer
      at new BSONTypeError (C:\Users\Tomy puto\Desktop\desafio\node_modules\bson\lib\error.js:41:28)
      at new ObjectId (C:\Users\Tomy puto\Desktop\desafio\node_modules\bson\lib\objectid.js:67:23)
      at castObjectId (C:\Users\Tomy puto\Desktop\desafio\node_modules\mongoose\lib\cast\objectid.js:25:12)
      at ObjectId.cast (C:\Users\Tomy puto\Desktop\desafio\node_modules\mongoose\lib\schema\objectid.js:246:12)
      at ObjectId.SchemaType.applySetters (C:\Users\Tomy puto\Desktop\desafio\node_modules\mongoose\lib\schematype.js:1201:12)
      at ObjectId.SchemaType._castForQuery (C:\Users\Tomy puto\Desktop\desafio\node_modules\mongoose\lib\schematype.js:1648:15)
      at ObjectId.SchemaType.castForQuery (C:\Users\Tomy puto\Desktop\desafio\node_modules\mongoose\lib\schematype.js:1636:15)
      at ObjectId.SchemaType.castForQueryWrapper (C:\Users\Tomy puto\Desktop\desafio\node_modules\mongoose\lib\schematype.js:1612:20)
      at cast (C:\Users\Tomy puto\Desktop\desafio\node_modules\mongoose\lib\cast.js:342:32)
      at model.Query.Query.cast (C:\Users\Tomy puto\Desktop\desafio\node_modules\mongoose\lib\query.js:5319:12),
  valueType: 'string'
}
[2022-11-21T19:25:45.077] [ERROR] error - CastError: Cast to ObjectId failed for value "" (type string) at path "userId" for model "Cart"
    at model.Query.exec (C:\Users\Tomy puto\Desktop\desafio\node_modules\mongoose\lib\query.js:4891:21)
    at model.Query.Query.then (C:\Users\Tomy puto\Desktop\desafio\node_modules\mongoose\lib\query.js:4990:15)
    at processTicksAndRejections (node:internal/process/task_queues:96:5) {
  messageFormat: undefined,
  stringValue: '""',
  kind: 'ObjectId',
  value: '',
  path: 'userId',
  reason: BSONTypeError: Argument passed in must be a string of 12 bytes or a string of 24 hex characters or an integer
      at new BSONTypeError (C:\Users\Tomy puto\Desktop\desafio\node_modules\bson\lib\error.js:41:28)
      at new ObjectId (C:\Users\Tomy puto\Desktop\desafio\node_modules\bson\lib\objectid.js:67:23)
      at castObjectId (C:\Users\Tomy puto\Desktop\desafio\node_modules\mongoose\lib\cast\objectid.js:25:12)
      at ObjectId.cast (C:\Users\Tomy puto\Desktop\desafio\node_modules\mongoose\lib\schema\objectid.js:246:12)
      at ObjectId.SchemaType.applySetters (C:\Users\Tomy puto\Desktop\desafio\node_modules\mongoose\lib\schematype.js:1201:12)
      at ObjectId.SchemaType._castForQuery (C:\Users\Tomy puto\Desktop\desafio\node_modules\mongoose\lib\schematype.js:1648:15)
      at ObjectId.SchemaType.castForQuery (C:\Users\Tomy puto\Desktop\desafio\node_modules\mongoose\lib\schematype.js:1636:15)
      at ObjectId.SchemaType.castForQueryWrapper (C:\Users\Tomy puto\Desktop\desafio\node_modules\mongoose\lib\schematype.js:1612:20)
      at cast (C:\Users\Tomy puto\Desktop\desafio\node_modules\mongoose\lib\cast.js:342:32)
      at model.Query.Query.cast (C:\Users\Tomy puto\Desktop\desafio\node_modules\mongoose\lib\query.js:5319:12),
  valueType: 'string'
}
[2022-11-21T19:25:48.236] [ERROR] error - CastError: Cast to ObjectId failed for value "" (type string) at path "userId" for model "Cart"
    at model.Query.exec (C:\Users\Tomy puto\Desktop\desafio\node_modules\mongoose\lib\query.js:4891:21)
    at model.Query.Query.then (C:\Users\Tomy puto\Desktop\desafio\node_modules\mongoose\lib\query.js:4990:15)
    at processTicksAndRejections (node:internal/process/task_queues:96:5) {
  messageFormat: undefined,
  stringValue: '""',
  kind: 'ObjectId',
  value: '',
  path: 'userId',
  reason: BSONTypeError: Argument passed in must be a string of 12 bytes or a string of 24 hex characters or an integer
      at new BSONTypeError (C:\Users\Tomy puto\Desktop\desafio\node_modules\bson\lib\error.js:41:28)
      at new ObjectId (C:\Users\Tomy puto\Desktop\desafio\node_modules\bson\lib\objectid.js:67:23)
      at castObjectId (C:\Users\Tomy puto\Desktop\desafio\node_modules\mongoose\lib\cast\objectid.js:25:12)
      at ObjectId.cast (C:\Users\Tomy puto\Desktop\desafio\node_modules\mongoose\lib\schema\objectid.js:246:12)
      at ObjectId.SchemaType.applySetters (C:\Users\Tomy puto\Desktop\desafio\node_modules\mongoose\lib\schematype.js:1201:12)
      at ObjectId.SchemaType._castForQuery (C:\Users\Tomy puto\Desktop\desafio\node_modules\mongoose\lib\schematype.js:1648:15)
      at ObjectId.SchemaType.castForQuery (C:\Users\Tomy puto\Desktop\desafio\node_modules\mongoose\lib\schematype.js:1636:15)
      at ObjectId.SchemaType.castForQueryWrapper (C:\Users\Tomy puto\Desktop\desafio\node_modules\mongoose\lib\schematype.js:1612:20)
      at cast (C:\Users\Tomy puto\Desktop\desafio\node_modules\mongoose\lib\cast.js:342:32)
      at model.Query.Query.cast (C:\Users\Tomy puto\Desktop\desafio\node_modules\mongoose\lib\query.js:5319:12),
  valueType: 'string'
}
[2022-11-21T19:25:48.379] [ERROR] error - CastError: Cast to ObjectId failed for value "" (type string) at path "userId" for model "Cart"
    at model.Query.exec (C:\Users\Tomy puto\Desktop\desafio\node_modules\mongoose\lib\query.js:4891:21)
    at model.Query.Query.then (C:\Users\Tomy puto\Desktop\desafio\node_modules\mongoose\lib\query.js:4990:15)
    at processTicksAndRejections (node:internal/process/task_queues:96:5) {
  messageFormat: undefined,
  stringValue: '""',
  kind: 'ObjectId',
  value: '',
  path: 'userId',
  reason: BSONTypeError: Argument passed in must be a string of 12 bytes or a string of 24 hex characters or an integer
      at new BSONTypeError (C:\Users\Tomy puto\Desktop\desafio\node_modules\bson\lib\error.js:41:28)
      at new ObjectId (C:\Users\Tomy puto\Desktop\desafio\node_modules\bson\lib\objectid.js:67:23)
      at castObjectId (C:\Users\Tomy puto\Desktop\desafio\node_modules\mongoose\lib\cast\objectid.js:25:12)
      at ObjectId.cast (C:\Users\Tomy puto\Desktop\desafio\node_modules\mongoose\lib\schema\objectid.js:246:12)
      at ObjectId.SchemaType.applySetters (C:\Users\Tomy puto\Desktop\desafio\node_modules\mongoose\lib\schematype.js:1201:12)
      at ObjectId.SchemaType._castForQuery (C:\Users\Tomy puto\Desktop\desafio\node_modules\mongoose\lib\schematype.js:1648:15)
      at ObjectId.SchemaType.castForQuery (C:\Users\Tomy puto\Desktop\desafio\node_modules\mongoose\lib\schematype.js:1636:15)
      at ObjectId.SchemaType.castForQueryWrapper (C:\Users\Tomy puto\Desktop\desafio\node_modules\mongoose\lib\schematype.js:1612:20)
      at cast (C:\Users\Tomy puto\Desktop\desafio\node_modules\mongoose\lib\cast.js:342:32)
      at model.Query.Query.cast (C:\Users\Tomy puto\Desktop\desafio\node_modules\mongoose\lib\query.js:5319:12),
  valueType: 'string'
}
[2022-11-21T19:25:48.515] [ERROR] error - CastError: Cast to ObjectId failed for value "" (type string) at path "userId" for model "Cart"
    at model.Query.exec (C:\Users\Tomy puto\Desktop\desafio\node_modules\mongoose\lib\query.js:4891:21)
    at model.Query.Query.then (C:\Users\Tomy puto\Desktop\desafio\node_modules\mongoose\lib\query.js:4990:15)
    at processTicksAndRejections (node:internal/process/task_queues:96:5) {
  messageFormat: undefined,
  stringValue: '""',
  kind: 'ObjectId',
  value: '',
  path: 'userId',
  reason: BSONTypeError: Argument passed in must be a string of 12 bytes or a string of 24 hex characters or an integer
      at new BSONTypeError (C:\Users\Tomy puto\Desktop\desafio\node_modules\bson\lib\error.js:41:28)
      at new ObjectId (C:\Users\Tomy puto\Desktop\desafio\node_modules\bson\lib\objectid.js:67:23)
      at castObjectId (C:\Users\Tomy puto\Desktop\desafio\node_modules\mongoose\lib\cast\objectid.js:25:12)
      at ObjectId.cast (C:\Users\Tomy puto\Desktop\desafio\node_modules\mongoose\lib\schema\objectid.js:246:12)
      at ObjectId.SchemaType.applySetters (C:\Users\Tomy puto\Desktop\desafio\node_modules\mongoose\lib\schematype.js:1201:12)
      at ObjectId.SchemaType._castForQuery (C:\Users\Tomy puto\Desktop\desafio\node_modules\mongoose\lib\schematype.js:1648:15)
      at ObjectId.SchemaType.castForQuery (C:\Users\Tomy puto\Desktop\desafio\node_modules\mongoose\lib\schematype.js:1636:15)
      at ObjectId.SchemaType.castForQueryWrapper (C:\Users\Tomy puto\Desktop\desafio\node_modules\mongoose\lib\schematype.js:1612:20)
      at cast (C:\Users\Tomy puto\Desktop\desafio\node_modules\mongoose\lib\cast.js:342:32)
      at model.Query.Query.cast (C:\Users\Tomy puto\Desktop\desafio\node_modules\mongoose\lib\query.js:5319:12),
  valueType: 'string'
}
[2022-11-21T19:26:32.509] [ERROR] error - CastError: Cast to ObjectId failed for value "" (type string) at path "userId" for model "Cart"
    at model.Query.exec (C:\Users\Tomy puto\Desktop\desafio\node_modules\mongoose\lib\query.js:4891:21)
    at model.Query.Query.then (C:\Users\Tomy puto\Desktop\desafio\node_modules\mongoose\lib\query.js:4990:15)
    at processTicksAndRejections (node:internal/process/task_queues:96:5) {
  messageFormat: undefined,
  stringValue: '""',
  kind: 'ObjectId',
  value: '',
  path: 'userId',
  reason: BSONTypeError: Argument passed in must be a string of 12 bytes or a string of 24 hex characters or an integer
      at new BSONTypeError (C:\Users\Tomy puto\Desktop\desafio\node_modules\bson\lib\error.js:41:28)
      at new ObjectId (C:\Users\Tomy puto\Desktop\desafio\node_modules\bson\lib\objectid.js:67:23)
      at castObjectId (C:\Users\Tomy puto\Desktop\desafio\node_modules\mongoose\lib\cast\objectid.js:25:12)
      at ObjectId.cast (C:\Users\Tomy puto\Desktop\desafio\node_modules\mongoose\lib\schema\objectid.js:246:12)
      at ObjectId.SchemaType.applySetters (C:\Users\Tomy puto\Desktop\desafio\node_modules\mongoose\lib\schematype.js:1201:12)
      at ObjectId.SchemaType._castForQuery (C:\Users\Tomy puto\Desktop\desafio\node_modules\mongoose\lib\schematype.js:1648:15)
      at ObjectId.SchemaType.castForQuery (C:\Users\Tomy puto\Desktop\desafio\node_modules\mongoose\lib\schematype.js:1636:15)
      at ObjectId.SchemaType.castForQueryWrapper (C:\Users\Tomy puto\Desktop\desafio\node_modules\mongoose\lib\schematype.js:1612:20)
      at cast (C:\Users\Tomy puto\Desktop\desafio\node_modules\mongoose\lib\cast.js:342:32)
      at model.Query.Query.cast (C:\Users\Tomy puto\Desktop\desafio\node_modules\mongoose\lib\query.js:5319:12),
  valueType: 'string'
}
[2022-11-21T19:26:32.682] [ERROR] error - CastError: Cast to ObjectId failed for value "" (type string) at path "userId" for model "Cart"
    at model.Query.exec (C:\Users\Tomy puto\Desktop\desafio\node_modules\mongoose\lib\query.js:4891:21)
    at model.Query.Query.then (C:\Users\Tomy puto\Desktop\desafio\node_modules\mongoose\lib\query.js:4990:15)
    at processTicksAndRejections (node:internal/process/task_queues:96:5) {
  messageFormat: undefined,
  stringValue: '""',
  kind: 'ObjectId',
  value: '',
  path: 'userId',
  reason: BSONTypeError: Argument passed in must be a string of 12 bytes or a string of 24 hex characters or an integer
      at new BSONTypeError (C:\Users\Tomy puto\Desktop\desafio\node_modules\bson\lib\error.js:41:28)
      at new ObjectId (C:\Users\Tomy puto\Desktop\desafio\node_modules\bson\lib\objectid.js:67:23)
      at castObjectId (C:\Users\Tomy puto\Desktop\desafio\node_modules\mongoose\lib\cast\objectid.js:25:12)
      at ObjectId.cast (C:\Users\Tomy puto\Desktop\desafio\node_modules\mongoose\lib\schema\objectid.js:246:12)
      at ObjectId.SchemaType.applySetters (C:\Users\Tomy puto\Desktop\desafio\node_modules\mongoose\lib\schematype.js:1201:12)
      at ObjectId.SchemaType._castForQuery (C:\Users\Tomy puto\Desktop\desafio\node_modules\mongoose\lib\schematype.js:1648:15)
      at ObjectId.SchemaType.castForQuery (C:\Users\Tomy puto\Desktop\desafio\node_modules\mongoose\lib\schematype.js:1636:15)
      at ObjectId.SchemaType.castForQueryWrapper (C:\Users\Tomy puto\Desktop\desafio\node_modules\mongoose\lib\schematype.js:1612:20)
      at cast (C:\Users\Tomy puto\Desktop\desafio\node_modules\mongoose\lib\cast.js:342:32)
      at model.Query.Query.cast (C:\Users\Tomy puto\Desktop\desafio\node_modules\mongoose\lib\query.js:5319:12),
  valueType: 'string'
}
[2022-11-21T19:26:43.074] [ERROR] error - CastError: Cast to ObjectId failed for value "" (type string) at path "userId" for model "Cart"
    at model.Query.exec (C:\Users\Tomy puto\Desktop\desafio\node_modules\mongoose\lib\query.js:4891:21)
    at model.Query.Query.then (C:\Users\Tomy puto\Desktop\desafio\node_modules\mongoose\lib\query.js:4990:15)
    at processTicksAndRejections (node:internal/process/task_queues:96:5) {
  messageFormat: undefined,
  stringValue: '""',
  kind: 'ObjectId',
  value: '',
  path: 'userId',
  reason: BSONTypeError: Argument passed in must be a string of 12 bytes or a string of 24 hex characters or an integer
      at new BSONTypeError (C:\Users\Tomy puto\Desktop\desafio\node_modules\bson\lib\error.js:41:28)
      at new ObjectId (C:\Users\Tomy puto\Desktop\desafio\node_modules\bson\lib\objectid.js:67:23)
      at castObjectId (C:\Users\Tomy puto\Desktop\desafio\node_modules\mongoose\lib\cast\objectid.js:25:12)
      at ObjectId.cast (C:\Users\Tomy puto\Desktop\desafio\node_modules\mongoose\lib\schema\objectid.js:246:12)
      at ObjectId.SchemaType.applySetters (C:\Users\Tomy puto\Desktop\desafio\node_modules\mongoose\lib\schematype.js:1201:12)
      at ObjectId.SchemaType._castForQuery (C:\Users\Tomy puto\Desktop\desafio\node_modules\mongoose\lib\schematype.js:1648:15)
      at ObjectId.SchemaType.castForQuery (C:\Users\Tomy puto\Desktop\desafio\node_modules\mongoose\lib\schematype.js:1636:15)
      at ObjectId.SchemaType.castForQueryWrapper (C:\Users\Tomy puto\Desktop\desafio\node_modules\mongoose\lib\schematype.js:1612:20)
      at cast (C:\Users\Tomy puto\Desktop\desafio\node_modules\mongoose\lib\cast.js:342:32)
      at model.Query.Query.cast (C:\Users\Tomy puto\Desktop\desafio\node_modules\mongoose\lib\query.js:5319:12),
  valueType: 'string'
}
[2022-11-21T19:26:43.118] [ERROR] error - CastError: Cast to ObjectId failed for value "" (type string) at path "userId" for model "Cart"
    at model.Query.exec (C:\Users\Tomy puto\Desktop\desafio\node_modules\mongoose\lib\query.js:4891:21)
    at model.Query.Query.then (C:\Users\Tomy puto\Desktop\desafio\node_modules\mongoose\lib\query.js:4990:15)
    at processTicksAndRejections (node:internal/process/task_queues:96:5) {
  messageFormat: undefined,
  stringValue: '""',
  kind: 'ObjectId',
  value: '',
  path: 'userId',
  reason: BSONTypeError: Argument passed in must be a string of 12 bytes or a string of 24 hex characters or an integer
      at new BSONTypeError (C:\Users\Tomy puto\Desktop\desafio\node_modules\bson\lib\error.js:41:28)
      at new ObjectId (C:\Users\Tomy puto\Desktop\desafio\node_modules\bson\lib\objectid.js:67:23)
      at castObjectId (C:\Users\Tomy puto\Desktop\desafio\node_modules\mongoose\lib\cast\objectid.js:25:12)
      at ObjectId.cast (C:\Users\Tomy puto\Desktop\desafio\node_modules\mongoose\lib\schema\objectid.js:246:12)
      at ObjectId.SchemaType.applySetters (C:\Users\Tomy puto\Desktop\desafio\node_modules\mongoose\lib\schematype.js:1201:12)
      at ObjectId.SchemaType._castForQuery (C:\Users\Tomy puto\Desktop\desafio\node_modules\mongoose\lib\schematype.js:1648:15)
      at ObjectId.SchemaType.castForQuery (C:\Users\Tomy puto\Desktop\desafio\node_modules\mongoose\lib\schematype.js:1636:15)
      at ObjectId.SchemaType.castForQueryWrapper (C:\Users\Tomy puto\Desktop\desafio\node_modules\mongoose\lib\schematype.js:1612:20)
      at cast (C:\Users\Tomy puto\Desktop\desafio\node_modules\mongoose\lib\cast.js:342:32)
      at model.Query.Query.cast (C:\Users\Tomy puto\Desktop\desafio\node_modules\mongoose\lib\query.js:5319:12),
  valueType: 'string'
}
[2022-11-21T19:26:43.249] [ERROR] error - CastError: Cast to ObjectId failed for value "" (type string) at path "userId" for model "Cart"
    at model.Query.exec (C:\Users\Tomy puto\Desktop\desafio\node_modules\mongoose\lib\query.js:4891:21)
    at model.Query.Query.then (C:\Users\Tomy puto\Desktop\desafio\node_modules\mongoose\lib\query.js:4990:15)
    at processTicksAndRejections (node:internal/process/task_queues:96:5) {
  messageFormat: undefined,
  stringValue: '""',
  kind: 'ObjectId',
  value: '',
  path: 'userId',
  reason: BSONTypeError: Argument passed in must be a string of 12 bytes or a string of 24 hex characters or an integer
      at new BSONTypeError (C:\Users\Tomy puto\Desktop\desafio\node_modules\bson\lib\error.js:41:28)
      at new ObjectId (C:\Users\Tomy puto\Desktop\desafio\node_modules\bson\lib\objectid.js:67:23)
      at castObjectId (C:\Users\Tomy puto\Desktop\desafio\node_modules\mongoose\lib\cast\objectid.js:25:12)
      at ObjectId.cast (C:\Users\Tomy puto\Desktop\desafio\node_modules\mongoose\lib\schema\objectid.js:246:12)
      at ObjectId.SchemaType.applySetters (C:\Users\Tomy puto\Desktop\desafio\node_modules\mongoose\lib\schematype.js:1201:12)
      at ObjectId.SchemaType._castForQuery (C:\Users\Tomy puto\Desktop\desafio\node_modules\mongoose\lib\schematype.js:1648:15)
      at ObjectId.SchemaType.castForQuery (C:\Users\Tomy puto\Desktop\desafio\node_modules\mongoose\lib\schematype.js:1636:15)
      at ObjectId.SchemaType.castForQueryWrapper (C:\Users\Tomy puto\Desktop\desafio\node_modules\mongoose\lib\schematype.js:1612:20)
      at cast (C:\Users\Tomy puto\Desktop\desafio\node_modules\mongoose\lib\cast.js:342:32)
      at model.Query.Query.cast (C:\Users\Tomy puto\Desktop\desafio\node_modules\mongoose\lib\query.js:5319:12),
  valueType: 'string'
}
[2022-11-21T19:27:55.136] [ERROR] error - CastError: Cast to ObjectId failed for value "" (type string) at path "userId" for model "Cart"
    at model.Query.exec (C:\Users\Tomy puto\Desktop\desafio\node_modules\mongoose\lib\query.js:4891:21)
    at model.Query.Query.then (C:\Users\Tomy puto\Desktop\desafio\node_modules\mongoose\lib\query.js:4990:15)
    at processTicksAndRejections (node:internal/process/task_queues:96:5) {
  messageFormat: undefined,
  stringValue: '""',
  kind: 'ObjectId',
  value: '',
  path: 'userId',
  reason: BSONTypeError: Argument passed in must be a string of 12 bytes or a string of 24 hex characters or an integer
      at new BSONTypeError (C:\Users\Tomy puto\Desktop\desafio\node_modules\bson\lib\error.js:41:28)
      at new ObjectId (C:\Users\Tomy puto\Desktop\desafio\node_modules\bson\lib\objectid.js:67:23)
      at castObjectId (C:\Users\Tomy puto\Desktop\desafio\node_modules\mongoose\lib\cast\objectid.js:25:12)
      at ObjectId.cast (C:\Users\Tomy puto\Desktop\desafio\node_modules\mongoose\lib\schema\objectid.js:246:12)
      at ObjectId.SchemaType.applySetters (C:\Users\Tomy puto\Desktop\desafio\node_modules\mongoose\lib\schematype.js:1201:12)
      at ObjectId.SchemaType._castForQuery (C:\Users\Tomy puto\Desktop\desafio\node_modules\mongoose\lib\schematype.js:1648:15)
      at ObjectId.SchemaType.castForQuery (C:\Users\Tomy puto\Desktop\desafio\node_modules\mongoose\lib\schematype.js:1636:15)
      at ObjectId.SchemaType.castForQueryWrapper (C:\Users\Tomy puto\Desktop\desafio\node_modules\mongoose\lib\schematype.js:1612:20)
      at cast (C:\Users\Tomy puto\Desktop\desafio\node_modules\mongoose\lib\cast.js:342:32)
      at model.Query.Query.cast (C:\Users\Tomy puto\Desktop\desafio\node_modules\mongoose\lib\query.js:5319:12),
  valueType: 'string'
}
[2022-11-21T19:27:55.327] [ERROR] error - CastError: Cast to ObjectId failed for value "" (type string) at path "userId" for model "Cart"
    at model.Query.exec (C:\Users\Tomy puto\Desktop\desafio\node_modules\mongoose\lib\query.js:4891:21)
    at model.Query.Query.then (C:\Users\Tomy puto\Desktop\desafio\node_modules\mongoose\lib\query.js:4990:15)
    at processTicksAndRejections (node:internal/process/task_queues:96:5) {
  messageFormat: undefined,
  stringValue: '""',
  kind: 'ObjectId',
  value: '',
  path: 'userId',
  reason: BSONTypeError: Argument passed in must be a string of 12 bytes or a string of 24 hex characters or an integer
      at new BSONTypeError (C:\Users\Tomy puto\Desktop\desafio\node_modules\bson\lib\error.js:41:28)
      at new ObjectId (C:\Users\Tomy puto\Desktop\desafio\node_modules\bson\lib\objectid.js:67:23)
      at castObjectId (C:\Users\Tomy puto\Desktop\desafio\node_modules\mongoose\lib\cast\objectid.js:25:12)
      at ObjectId.cast (C:\Users\Tomy puto\Desktop\desafio\node_modules\mongoose\lib\schema\objectid.js:246:12)
      at ObjectId.SchemaType.applySetters (C:\Users\Tomy puto\Desktop\desafio\node_modules\mongoose\lib\schematype.js:1201:12)
      at ObjectId.SchemaType._castForQuery (C:\Users\Tomy puto\Desktop\desafio\node_modules\mongoose\lib\schematype.js:1648:15)
      at ObjectId.SchemaType.castForQuery (C:\Users\Tomy puto\Desktop\desafio\node_modules\mongoose\lib\schematype.js:1636:15)
      at ObjectId.SchemaType.castForQueryWrapper (C:\Users\Tomy puto\Desktop\desafio\node_modules\mongoose\lib\schematype.js:1612:20)
      at cast (C:\Users\Tomy puto\Desktop\desafio\node_modules\mongoose\lib\cast.js:342:32)
      at model.Query.Query.cast (C:\Users\Tomy puto\Desktop\desafio\node_modules\mongoose\lib\query.js:5319:12),
  valueType: 'string'
}
[2022-11-21T19:27:57.385] [ERROR] error - CastError: Cast to ObjectId failed for value "" (type string) at path "userId" for model "Cart"
    at model.Query.exec (C:\Users\Tomy puto\Desktop\desafio\node_modules\mongoose\lib\query.js:4891:21)
    at model.Query.Query.then (C:\Users\Tomy puto\Desktop\desafio\node_modules\mongoose\lib\query.js:4990:15)
    at processTicksAndRejections (node:internal/process/task_queues:96:5) {
  messageFormat: undefined,
  stringValue: '""',
  kind: 'ObjectId',
  value: '',
  path: 'userId',
  reason: BSONTypeError: Argument passed in must be a string of 12 bytes or a string of 24 hex characters or an integer
      at new BSONTypeError (C:\Users\Tomy puto\Desktop\desafio\node_modules\bson\lib\error.js:41:28)
      at new ObjectId (C:\Users\Tomy puto\Desktop\desafio\node_modules\bson\lib\objectid.js:67:23)
      at castObjectId (C:\Users\Tomy puto\Desktop\desafio\node_modules\mongoose\lib\cast\objectid.js:25:12)
      at ObjectId.cast (C:\Users\Tomy puto\Desktop\desafio\node_modules\mongoose\lib\schema\objectid.js:246:12)
      at ObjectId.SchemaType.applySetters (C:\Users\Tomy puto\Desktop\desafio\node_modules\mongoose\lib\schematype.js:1201:12)
      at ObjectId.SchemaType._castForQuery (C:\Users\Tomy puto\Desktop\desafio\node_modules\mongoose\lib\schematype.js:1648:15)
      at ObjectId.SchemaType.castForQuery (C:\Users\Tomy puto\Desktop\desafio\node_modules\mongoose\lib\schematype.js:1636:15)
      at ObjectId.SchemaType.castForQueryWrapper (C:\Users\Tomy puto\Desktop\desafio\node_modules\mongoose\lib\schematype.js:1612:20)
      at cast (C:\Users\Tomy puto\Desktop\desafio\node_modules\mongoose\lib\cast.js:342:32)
      at model.Query.Query.cast (C:\Users\Tomy puto\Desktop\desafio\node_modules\mongoose\lib\query.js:5319:12),
  valueType: 'string'
}
[2022-11-21T19:28:02.601] [ERROR] error - CastError: Cast to ObjectId failed for value "" (type string) at path "userId" for model "Cart"
    at model.Query.exec (C:\Users\Tomy puto\Desktop\desafio\node_modules\mongoose\lib\query.js:4891:21)
    at model.Query.Query.then (C:\Users\Tomy puto\Desktop\desafio\node_modules\mongoose\lib\query.js:4990:15)
    at processTicksAndRejections (node:internal/process/task_queues:96:5) {
  messageFormat: undefined,
  stringValue: '""',
  kind: 'ObjectId',
  value: '',
  path: 'userId',
  reason: BSONTypeError: Argument passed in must be a string of 12 bytes or a string of 24 hex characters or an integer
      at new BSONTypeError (C:\Users\Tomy puto\Desktop\desafio\node_modules\bson\lib\error.js:41:28)
      at new ObjectId (C:\Users\Tomy puto\Desktop\desafio\node_modules\bson\lib\objectid.js:67:23)
      at castObjectId (C:\Users\Tomy puto\Desktop\desafio\node_modules\mongoose\lib\cast\objectid.js:25:12)
      at ObjectId.cast (C:\Users\Tomy puto\Desktop\desafio\node_modules\mongoose\lib\schema\objectid.js:246:12)
      at ObjectId.SchemaType.applySetters (C:\Users\Tomy puto\Desktop\desafio\node_modules\mongoose\lib\schematype.js:1201:12)
      at ObjectId.SchemaType._castForQuery (C:\Users\Tomy puto\Desktop\desafio\node_modules\mongoose\lib\schematype.js:1648:15)
      at ObjectId.SchemaType.castForQuery (C:\Users\Tomy puto\Desktop\desafio\node_modules\mongoose\lib\schematype.js:1636:15)
      at ObjectId.SchemaType.castForQueryWrapper (C:\Users\Tomy puto\Desktop\desafio\node_modules\mongoose\lib\schematype.js:1612:20)
      at cast (C:\Users\Tomy puto\Desktop\desafio\node_modules\mongoose\lib\cast.js:342:32)
      at model.Query.Query.cast (C:\Users\Tomy puto\Desktop\desafio\node_modules\mongoose\lib\query.js:5319:12),
  valueType: 'string'
}
[2022-11-21T19:28:02.761] [ERROR] error - CastError: Cast to ObjectId failed for value "" (type string) at path "userId" for model "Cart"
    at model.Query.exec (C:\Users\Tomy puto\Desktop\desafio\node_modules\mongoose\lib\query.js:4891:21)
    at model.Query.Query.then (C:\Users\Tomy puto\Desktop\desafio\node_modules\mongoose\lib\query.js:4990:15)
    at processTicksAndRejections (node:internal/process/task_queues:96:5) {
  messageFormat: undefined,
  stringValue: '""',
  kind: 'ObjectId',
  value: '',
  path: 'userId',
  reason: BSONTypeError: Argument passed in must be a string of 12 bytes or a string of 24 hex characters or an integer
      at new BSONTypeError (C:\Users\Tomy puto\Desktop\desafio\node_modules\bson\lib\error.js:41:28)
      at new ObjectId (C:\Users\Tomy puto\Desktop\desafio\node_modules\bson\lib\objectid.js:67:23)
      at castObjectId (C:\Users\Tomy puto\Desktop\desafio\node_modules\mongoose\lib\cast\objectid.js:25:12)
      at ObjectId.cast (C:\Users\Tomy puto\Desktop\desafio\node_modules\mongoose\lib\schema\objectid.js:246:12)
      at ObjectId.SchemaType.applySetters (C:\Users\Tomy puto\Desktop\desafio\node_modules\mongoose\lib\schematype.js:1201:12)
      at ObjectId.SchemaType._castForQuery (C:\Users\Tomy puto\Desktop\desafio\node_modules\mongoose\lib\schematype.js:1648:15)
      at ObjectId.SchemaType.castForQuery (C:\Users\Tomy puto\Desktop\desafio\node_modules\mongoose\lib\schematype.js:1636:15)
      at ObjectId.SchemaType.castForQueryWrapper (C:\Users\Tomy puto\Desktop\desafio\node_modules\mongoose\lib\schematype.js:1612:20)
      at cast (C:\Users\Tomy puto\Desktop\desafio\node_modules\mongoose\lib\cast.js:342:32)
      at model.Query.Query.cast (C:\Users\Tomy puto\Desktop\desafio\node_modules\mongoose\lib\query.js:5319:12),
  valueType: 'string'
}
[2022-11-21T19:28:02.903] [ERROR] error - CastError: Cast to ObjectId failed for value "" (type string) at path "userId" for model "Cart"
    at model.Query.exec (C:\Users\Tomy puto\Desktop\desafio\node_modules\mongoose\lib\query.js:4891:21)
    at model.Query.Query.then (C:\Users\Tomy puto\Desktop\desafio\node_modules\mongoose\lib\query.js:4990:15)
    at processTicksAndRejections (node:internal/process/task_queues:96:5) {
  messageFormat: undefined,
  stringValue: '""',
  kind: 'ObjectId',
  value: '',
  path: 'userId',
  reason: BSONTypeError: Argument passed in must be a string of 12 bytes or a string of 24 hex characters or an integer
      at new BSONTypeError (C:\Users\Tomy puto\Desktop\desafio\node_modules\bson\lib\error.js:41:28)
      at new ObjectId (C:\Users\Tomy puto\Desktop\desafio\node_modules\bson\lib\objectid.js:67:23)
      at castObjectId (C:\Users\Tomy puto\Desktop\desafio\node_modules\mongoose\lib\cast\objectid.js:25:12)
      at ObjectId.cast (C:\Users\Tomy puto\Desktop\desafio\node_modules\mongoose\lib\schema\objectid.js:246:12)
      at ObjectId.SchemaType.applySetters (C:\Users\Tomy puto\Desktop\desafio\node_modules\mongoose\lib\schematype.js:1201:12)
      at ObjectId.SchemaType._castForQuery (C:\Users\Tomy puto\Desktop\desafio\node_modules\mongoose\lib\schematype.js:1648:15)
      at ObjectId.SchemaType.castForQuery (C:\Users\Tomy puto\Desktop\desafio\node_modules\mongoose\lib\schematype.js:1636:15)
      at ObjectId.SchemaType.castForQueryWrapper (C:\Users\Tomy puto\Desktop\desafio\node_modules\mongoose\lib\schematype.js:1612:20)
      at cast (C:\Users\Tomy puto\Desktop\desafio\node_modules\mongoose\lib\cast.js:342:32)
      at model.Query.Query.cast (C:\Users\Tomy puto\Desktop\desafio\node_modules\mongoose\lib\query.js:5319:12),
  valueType: 'string'
}
[2022-11-21T19:28:05.950] [ERROR] error - CastError: Cast to ObjectId failed for value "" (type string) at path "userId" for model "Cart"
    at model.Query.exec (C:\Users\Tomy puto\Desktop\desafio\node_modules\mongoose\lib\query.js:4891:21)
    at model.Query.Query.then (C:\Users\Tomy puto\Desktop\desafio\node_modules\mongoose\lib\query.js:4990:15)
    at processTicksAndRejections (node:internal/process/task_queues:96:5) {
  messageFormat: undefined,
  stringValue: '""',
  kind: 'ObjectId',
  value: '',
  path: 'userId',
  reason: BSONTypeError: Argument passed in must be a string of 12 bytes or a string of 24 hex characters or an integer
      at new BSONTypeError (C:\Users\Tomy puto\Desktop\desafio\node_modules\bson\lib\error.js:41:28)
      at new ObjectId (C:\Users\Tomy puto\Desktop\desafio\node_modules\bson\lib\objectid.js:67:23)
      at castObjectId (C:\Users\Tomy puto\Desktop\desafio\node_modules\mongoose\lib\cast\objectid.js:25:12)
      at ObjectId.cast (C:\Users\Tomy puto\Desktop\desafio\node_modules\mongoose\lib\schema\objectid.js:246:12)
      at ObjectId.SchemaType.applySetters (C:\Users\Tomy puto\Desktop\desafio\node_modules\mongoose\lib\schematype.js:1201:12)
      at ObjectId.SchemaType._castForQuery (C:\Users\Tomy puto\Desktop\desafio\node_modules\mongoose\lib\schematype.js:1648:15)
      at ObjectId.SchemaType.castForQuery (C:\Users\Tomy puto\Desktop\desafio\node_modules\mongoose\lib\schematype.js:1636:15)
      at ObjectId.SchemaType.castForQueryWrapper (C:\Users\Tomy puto\Desktop\desafio\node_modules\mongoose\lib\schematype.js:1612:20)
      at cast (C:\Users\Tomy puto\Desktop\desafio\node_modules\mongoose\lib\cast.js:342:32)
      at model.Query.Query.cast (C:\Users\Tomy puto\Desktop\desafio\node_modules\mongoose\lib\query.js:5319:12),
  valueType: 'string'
}
[2022-11-21T19:28:06.092] [ERROR] error - CastError: Cast to ObjectId failed for value "" (type string) at path "userId" for model "Cart"
    at model.Query.exec (C:\Users\Tomy puto\Desktop\desafio\node_modules\mongoose\lib\query.js:4891:21)
    at model.Query.Query.then (C:\Users\Tomy puto\Desktop\desafio\node_modules\mongoose\lib\query.js:4990:15)
    at processTicksAndRejections (node:internal/process/task_queues:96:5) {
  messageFormat: undefined,
  stringValue: '""',
  kind: 'ObjectId',
  value: '',
  path: 'userId',
  reason: BSONTypeError: Argument passed in must be a string of 12 bytes or a string of 24 hex characters or an integer
      at new BSONTypeError (C:\Users\Tomy puto\Desktop\desafio\node_modules\bson\lib\error.js:41:28)
      at new ObjectId (C:\Users\Tomy puto\Desktop\desafio\node_modules\bson\lib\objectid.js:67:23)
      at castObjectId (C:\Users\Tomy puto\Desktop\desafio\node_modules\mongoose\lib\cast\objectid.js:25:12)
      at ObjectId.cast (C:\Users\Tomy puto\Desktop\desafio\node_modules\mongoose\lib\schema\objectid.js:246:12)
      at ObjectId.SchemaType.applySetters (C:\Users\Tomy puto\Desktop\desafio\node_modules\mongoose\lib\schematype.js:1201:12)
      at ObjectId.SchemaType._castForQuery (C:\Users\Tomy puto\Desktop\desafio\node_modules\mongoose\lib\schematype.js:1648:15)
      at ObjectId.SchemaType.castForQuery (C:\Users\Tomy puto\Desktop\desafio\node_modules\mongoose\lib\schematype.js:1636:15)
      at ObjectId.SchemaType.castForQueryWrapper (C:\Users\Tomy puto\Desktop\desafio\node_modules\mongoose\lib\schematype.js:1612:20)
      at cast (C:\Users\Tomy puto\Desktop\desafio\node_modules\mongoose\lib\cast.js:342:32)
      at model.Query.Query.cast (C:\Users\Tomy puto\Desktop\desafio\node_modules\mongoose\lib\query.js:5319:12),
  valueType: 'string'
}
[2022-11-21T19:28:06.240] [ERROR] error - CastError: Cast to ObjectId failed for value "" (type string) at path "userId" for model "Cart"
    at model.Query.exec (C:\Users\Tomy puto\Desktop\desafio\node_modules\mongoose\lib\query.js:4891:21)
    at model.Query.Query.then (C:\Users\Tomy puto\Desktop\desafio\node_modules\mongoose\lib\query.js:4990:15)
    at processTicksAndRejections (node:internal/process/task_queues:96:5) {
  messageFormat: undefined,
  stringValue: '""',
  kind: 'ObjectId',
  value: '',
  path: 'userId',
  reason: BSONTypeError: Argument passed in must be a string of 12 bytes or a string of 24 hex characters or an integer
      at new BSONTypeError (C:\Users\Tomy puto\Desktop\desafio\node_modules\bson\lib\error.js:41:28)
      at new ObjectId (C:\Users\Tomy puto\Desktop\desafio\node_modules\bson\lib\objectid.js:67:23)
      at castObjectId (C:\Users\Tomy puto\Desktop\desafio\node_modules\mongoose\lib\cast\objectid.js:25:12)
      at ObjectId.cast (C:\Users\Tomy puto\Desktop\desafio\node_modules\mongoose\lib\schema\objectid.js:246:12)
      at ObjectId.SchemaType.applySetters (C:\Users\Tomy puto\Desktop\desafio\node_modules\mongoose\lib\schematype.js:1201:12)
      at ObjectId.SchemaType._castForQuery (C:\Users\Tomy puto\Desktop\desafio\node_modules\mongoose\lib\schematype.js:1648:15)
      at ObjectId.SchemaType.castForQuery (C:\Users\Tomy puto\Desktop\desafio\node_modules\mongoose\lib\schematype.js:1636:15)
      at ObjectId.SchemaType.castForQueryWrapper (C:\Users\Tomy puto\Desktop\desafio\node_modules\mongoose\lib\schematype.js:1612:20)
      at cast (C:\Users\Tomy puto\Desktop\desafio\node_modules\mongoose\lib\cast.js:342:32)
      at model.Query.Query.cast (C:\Users\Tomy puto\Desktop\desafio\node_modules\mongoose\lib\query.js:5319:12),
  valueType: 'string'
}
[2022-11-21T19:28:09.088] [ERROR] error - RestException [Error]: Authenticate
    at success (C:\Users\Tomy puto\Desktop\desafio\node_modules\twilio\lib\base\Version.js:135:15)
    at Promise_then_fulfilled (C:\Users\Tomy puto\Desktop\desafio\node_modules\q\q.js:766:44)
    at Promise_done_fulfilled (C:\Users\Tomy puto\Desktop\desafio\node_modules\q\q.js:835:31)
    at Fulfilled_dispatch [as dispatch] (C:\Users\Tomy puto\Desktop\desafio\node_modules\q\q.js:1229:9)
    at Pending_become_eachMessage_task (C:\Users\Tomy puto\Desktop\desafio\node_modules\q\q.js:1369:30)
    at RawTask.call (C:\Users\Tomy puto\Desktop\desafio\node_modules\asap\asap.js:40:19)
    at flush (C:\Users\Tomy puto\Desktop\desafio\node_modules\asap\raw.js:50:29)
    at processTicksAndRejections (node:internal/process/task_queues:78:11) {
  status: 401,
  code: 20003,
  moreInfo: 'https://www.twilio.com/docs/errors/20003',
  details: undefined
}
[2022-11-21T19:29:18.818] [ERROR] error - CastError: Cast to ObjectId failed for value "" (type string) at path "userId" for model "Cart"
    at model.Query.exec (C:\Users\Tomy puto\Desktop\desafio\node_modules\mongoose\lib\query.js:4891:21)
    at model.Query.Query.then (C:\Users\Tomy puto\Desktop\desafio\node_modules\mongoose\lib\query.js:4990:15)
    at processTicksAndRejections (node:internal/process/task_queues:96:5) {
  messageFormat: undefined,
  stringValue: '""',
  kind: 'ObjectId',
  value: '',
  path: 'userId',
  reason: BSONTypeError: Argument passed in must be a string of 12 bytes or a string of 24 hex characters or an integer
      at new BSONTypeError (C:\Users\Tomy puto\Desktop\desafio\node_modules\bson\lib\error.js:41:28)
      at new ObjectId (C:\Users\Tomy puto\Desktop\desafio\node_modules\bson\lib\objectid.js:67:23)
      at castObjectId (C:\Users\Tomy puto\Desktop\desafio\node_modules\mongoose\lib\cast\objectid.js:25:12)
      at ObjectId.cast (C:\Users\Tomy puto\Desktop\desafio\node_modules\mongoose\lib\schema\objectid.js:246:12)
      at ObjectId.SchemaType.applySetters (C:\Users\Tomy puto\Desktop\desafio\node_modules\mongoose\lib\schematype.js:1201:12)
      at ObjectId.SchemaType._castForQuery (C:\Users\Tomy puto\Desktop\desafio\node_modules\mongoose\lib\schematype.js:1648:15)
      at ObjectId.SchemaType.castForQuery (C:\Users\Tomy puto\Desktop\desafio\node_modules\mongoose\lib\schematype.js:1636:15)
      at ObjectId.SchemaType.castForQueryWrapper (C:\Users\Tomy puto\Desktop\desafio\node_modules\mongoose\lib\schematype.js:1612:20)
      at cast (C:\Users\Tomy puto\Desktop\desafio\node_modules\mongoose\lib\cast.js:342:32)
      at model.Query.Query.cast (C:\Users\Tomy puto\Desktop\desafio\node_modules\mongoose\lib\query.js:5319:12),
  valueType: 'string'
}
[2022-11-21T19:31:53.026] [ERROR] error - CastError: Cast to ObjectId failed for value "" (type string) at path "userId" for model "Cart"
    at model.Query.exec (C:\Users\Tomy puto\Desktop\desafio\node_modules\mongoose\lib\query.js:4891:21)
    at model.Query.Query.then (C:\Users\Tomy puto\Desktop\desafio\node_modules\mongoose\lib\query.js:4990:15)
    at processTicksAndRejections (node:internal/process/task_queues:96:5) {
  messageFormat: undefined,
  stringValue: '""',
  kind: 'ObjectId',
  value: '',
  path: 'userId',
  reason: BSONTypeError: Argument passed in must be a string of 12 bytes or a string of 24 hex characters or an integer
      at new BSONTypeError (C:\Users\Tomy puto\Desktop\desafio\node_modules\bson\lib\error.js:41:28)
      at new ObjectId (C:\Users\Tomy puto\Desktop\desafio\node_modules\bson\lib\objectid.js:67:23)
      at castObjectId (C:\Users\Tomy puto\Desktop\desafio\node_modules\mongoose\lib\cast\objectid.js:25:12)
      at ObjectId.cast (C:\Users\Tomy puto\Desktop\desafio\node_modules\mongoose\lib\schema\objectid.js:246:12)
      at ObjectId.SchemaType.applySetters (C:\Users\Tomy puto\Desktop\desafio\node_modules\mongoose\lib\schematype.js:1201:12)
      at ObjectId.SchemaType._castForQuery (C:\Users\Tomy puto\Desktop\desafio\node_modules\mongoose\lib\schematype.js:1648:15)
      at ObjectId.SchemaType.castForQuery (C:\Users\Tomy puto\Desktop\desafio\node_modules\mongoose\lib\schematype.js:1636:15)
      at ObjectId.SchemaType.castForQueryWrapper (C:\Users\Tomy puto\Desktop\desafio\node_modules\mongoose\lib\schematype.js:1612:20)
      at cast (C:\Users\Tomy puto\Desktop\desafio\node_modules\mongoose\lib\cast.js:342:32)
      at model.Query.Query.cast (C:\Users\Tomy puto\Desktop\desafio\node_modules\mongoose\lib\query.js:5319:12),
  valueType: 'string'
}
[2022-11-21T19:31:53.646] [ERROR] error - CastError: Cast to ObjectId failed for value "" (type string) at path "userId" for model "Cart"
    at model.Query.exec (C:\Users\Tomy puto\Desktop\desafio\node_modules\mongoose\lib\query.js:4891:21)
    at model.Query.Query.then (C:\Users\Tomy puto\Desktop\desafio\node_modules\mongoose\lib\query.js:4990:15)
    at processTicksAndRejections (node:internal/process/task_queues:96:5) {
  messageFormat: undefined,
  stringValue: '""',
  kind: 'ObjectId',
  value: '',
  path: 'userId',
  reason: BSONTypeError: Argument passed in must be a string of 12 bytes or a string of 24 hex characters or an integer
      at new BSONTypeError (C:\Users\Tomy puto\Desktop\desafio\node_modules\bson\lib\error.js:41:28)
      at new ObjectId (C:\Users\Tomy puto\Desktop\desafio\node_modules\bson\lib\objectid.js:67:23)
      at castObjectId (C:\Users\Tomy puto\Desktop\desafio\node_modules\mongoose\lib\cast\objectid.js:25:12)
      at ObjectId.cast (C:\Users\Tomy puto\Desktop\desafio\node_modules\mongoose\lib\schema\objectid.js:246:12)
      at ObjectId.SchemaType.applySetters (C:\Users\Tomy puto\Desktop\desafio\node_modules\mongoose\lib\schematype.js:1201:12)
      at ObjectId.SchemaType._castForQuery (C:\Users\Tomy puto\Desktop\desafio\node_modules\mongoose\lib\schematype.js:1648:15)
      at ObjectId.SchemaType.castForQuery (C:\Users\Tomy puto\Desktop\desafio\node_modules\mongoose\lib\schematype.js:1636:15)
      at ObjectId.SchemaType.castForQueryWrapper (C:\Users\Tomy puto\Desktop\desafio\node_modules\mongoose\lib\schematype.js:1612:20)
      at cast (C:\Users\Tomy puto\Desktop\desafio\node_modules\mongoose\lib\cast.js:342:32)
      at model.Query.Query.cast (C:\Users\Tomy puto\Desktop\desafio\node_modules\mongoose\lib\query.js:5319:12),
  valueType: 'string'
}
[2022-11-21T19:31:54.237] [ERROR] error - CastError: Cast to ObjectId failed for value "" (type string) at path "userId" for model "Cart"
    at model.Query.exec (C:\Users\Tomy puto\Desktop\desafio\node_modules\mongoose\lib\query.js:4891:21)
    at model.Query.Query.then (C:\Users\Tomy puto\Desktop\desafio\node_modules\mongoose\lib\query.js:4990:15)
    at processTicksAndRejections (node:internal/process/task_queues:96:5) {
  messageFormat: undefined,
  stringValue: '""',
  kind: 'ObjectId',
  value: '',
  path: 'userId',
  reason: BSONTypeError: Argument passed in must be a string of 12 bytes or a string of 24 hex characters or an integer
      at new BSONTypeError (C:\Users\Tomy puto\Desktop\desafio\node_modules\bson\lib\error.js:41:28)
      at new ObjectId (C:\Users\Tomy puto\Desktop\desafio\node_modules\bson\lib\objectid.js:67:23)
      at castObjectId (C:\Users\Tomy puto\Desktop\desafio\node_modules\mongoose\lib\cast\objectid.js:25:12)
      at ObjectId.cast (C:\Users\Tomy puto\Desktop\desafio\node_modules\mongoose\lib\schema\objectid.js:246:12)
      at ObjectId.SchemaType.applySetters (C:\Users\Tomy puto\Desktop\desafio\node_modules\mongoose\lib\schematype.js:1201:12)
      at ObjectId.SchemaType._castForQuery (C:\Users\Tomy puto\Desktop\desafio\node_modules\mongoose\lib\schematype.js:1648:15)
      at ObjectId.SchemaType.castForQuery (C:\Users\Tomy puto\Desktop\desafio\node_modules\mongoose\lib\schematype.js:1636:15)
      at ObjectId.SchemaType.castForQueryWrapper (C:\Users\Tomy puto\Desktop\desafio\node_modules\mongoose\lib\schematype.js:1612:20)
      at cast (C:\Users\Tomy puto\Desktop\desafio\node_modules\mongoose\lib\cast.js:342:32)
      at model.Query.Query.cast (C:\Users\Tomy puto\Desktop\desafio\node_modules\mongoose\lib\query.js:5319:12),
  valueType: 'string'
}
